c:\users\arnie\desktop\ohboi\jruntime\javascriptruntime\debug\javascriptruntime.pch
c:\users\arnie\desktop\ohboi\jruntime\javascriptruntime\debug\vc141.pdb
c:\users\arnie\desktop\ohboi\jruntime\javascriptruntime\debug\vc141.idb
c:\users\arnie\desktop\ohboi\jruntime\javascriptruntime\debug\stdafx.obj
c:\users\arnie\desktop\ohboi\jruntime\javascriptruntime\debug\assembler.obj
c:\users\arnie\desktop\ohboi\jruntime\javascriptruntime\debug\disassembler.obj
c:\users\arnie\desktop\ohboi\jruntime\javascriptruntime\debug\dllmain.obj
c:\users\arnie\desktop\ohboi\jruntime\javascriptruntime\debug\globals.obj
c:\users\arnie\desktop\ohboi\jruntime\javascriptruntime\debug\hook.obj
c:\users\arnie\desktop\ohboi\jruntime\javascriptruntime\debug\javascriptruntime.obj
c:\users\arnie\desktop\ohboi\jruntime\javascriptruntime\debug\jcall.obj
c:\users\arnie\desktop\ohboi\jruntime\javascriptruntime\debug\jcallback.obj
c:\users\arnie\desktop\ohboi\jruntime\javascriptruntime\debug\jmanualcallback.obj
c:\users\arnie\desktop\ohboi\jruntime\javascriptruntime\debug\nativeexports.obj
c:\users\arnie\desktop\ohboi\jruntime\javascriptruntime\debug\jruntime.obj
c:\users\arnie\desktop\ohboi\jruntime\javascriptruntime\debug\argumentresolver.obj
c:\users\arnie\desktop\ohboi\jruntime\javascriptruntime\debug\pebparser.obj
c:\users\arnie\desktop\ohboi\jruntime\javascriptruntime\debug\resource.obj
c:\users\arnie\desktop\ohboi\jruntime\javascriptruntime\debug\typeparser.obj
c:\users\arnie\desktop\ohboi\builds\debug\javascriptruntime.lib
c:\users\arnie\desktop\ohboi\builds\debug\javascriptruntime.exp
c:\users\arnie\desktop\ohboi\builds\debug\javascriptruntime.dll
c:\users\arnie\desktop\ohboi\builds\debug\javascriptruntime.pdb
c:\users\arnie\desktop\ohboi\jruntime\javascriptruntime\..\..\builds\debug\javascriptruntime.dll
c:\users\arnie\desktop\ohboi\jruntime\javascriptruntime\debug\javascri.bbc84e0a.tlog\cl.command.1.tlog
c:\users\arnie\desktop\ohboi\jruntime\javascriptruntime\debug\javascri.bbc84e0a.tlog\cl.read.1.tlog
c:\users\arnie\desktop\ohboi\jruntime\javascriptruntime\debug\javascri.bbc84e0a.tlog\cl.write.1.tlog
c:\users\arnie\desktop\ohboi\jruntime\javascriptruntime\debug\javascri.bbc84e0a.tlog\javascriptruntime.write.1u.tlog
c:\users\arnie\desktop\ohboi\jruntime\javascriptruntime\debug\javascri.bbc84e0a.tlog\link.command.1.tlog
c:\users\arnie\desktop\ohboi\jruntime\javascriptruntime\debug\javascri.bbc84e0a.tlog\link.read.1.tlog
c:\users\arnie\desktop\ohboi\jruntime\javascriptruntime\debug\javascri.bbc84e0a.tlog\link.write.1.tlog
